<?xml version="1.0" encoding="UTF-8"?>
<!-- Generated by org.testng.reporters.JUnitXMLReporter -->
<testsuite ignored="0" hostname="LAPTOP-MHDOQNFB" failures="0" tests="7" name="Car Loan" time="0.069" errors="0" timestamp="2022-03-03T16:32:12 CET">
  <testcase classname="test2.day3" name="LoginAPIHomeLoan" time="0.002"/>
  <testcase classname="test2.day3" name="MobileLogincarLoan" time="0.002"/>
  <testcase classname="test2.day3" name="MobileSignoutcarLoan" time="0.002"/>
  <testcase classname="test2.day3" name="MobileSignoutcarLoan" time="0.002"/>
  <testcase classname="test2.day3" name="MobileSignoutcarLoan" time="0.002"/>
  <testcase classname="test2.day3" name="WebLoginHomeLoan" time="0.003"/>
  <testcase classname="test2.day3" name="MobileSingincarLoan" time="0.001"/>
</testsuite> <!-- Car Loan -->
