<?xml version="1.0" encoding="UTF-8"?>
<!-- Generated by org.testng.reporters.JUnitXMLReporter -->
<testsuite ignored="1" hostname="LAPTOP-MHDOQNFB" failures="0" tests="5" name="Test" time="0.063" errors="0" timestamp="2022-03-03T16:32:12 CET">
  <testcase classname="test2.day1" name="Demo" time="0.006"/>
  <testcase classname="test2.day2" name="ploan" time="0.003"/>
  <testcase classname="test2.day4" name="LoginAPICarLoan" time="0.002"/>
  <testcase classname="test2.day4" name="MobileLogin" time="0.002"/>
  <testcase classname="test2.day4" name="WebloginCarLoan" time="0.003"/>
  <testcase classname="test2.day1" name="SecondTest" time="0.0">
    <ignored/>
  </testcase> <!-- SecondTest -->
</testsuite> <!-- Test -->
