<?xml version="1.0" encoding="UTF-8"?>
<testng-results ignored="0" total="7" passed="7" failed="0" skipped="0">
  <reporter-output>
  </reporter-output>
  <suite started-at="2022-03-16T18:01:42 CET" name="Suite" finished-at="2022-03-16T18:01:42 CET" duration-ms="71">
    <groups>
    </groups>
    <test started-at="2022-03-16T18:01:42 CET" name="Test" finished-at="2022-03-16T18:01:42 CET" duration-ms="71">
      <class name="qaclickacademy.Mavenjava.AppTest">
        <test-method signature="shouldAnswerWithTrue()[pri:0, instance:qaclickacademy.Mavenjava.AppTest@5562c41e]" started-at="2022-03-16T18:01:42 CET" name="shouldAnswerWithTrue" finished-at="2022-03-16T18:01:42 CET" duration-ms="13" status="PASS">
          <reporter-output>
          </reporter-output>
        </test-method> <!-- shouldAnswerWithTrue -->
      </class> <!-- qaclickacademy.Mavenjava.AppTest -->
      <class name="qaclickacademy.Mavenjava.AppiumTest">
        <test-method signature="IOSApps()[pri:0, instance:qaclickacademy.Mavenjava.AppiumTest@3b6ddd1d]" started-at="2022-03-16T18:01:42 CET" name="IOSApps" finished-at="2022-03-16T18:01:42 CET" duration-ms="0" status="PASS">
          <reporter-output>
          </reporter-output>
        </test-method> <!-- IOSApps -->
        <test-method signature="NativeAppAndroid()[pri:0, instance:qaclickacademy.Mavenjava.AppiumTest@3b6ddd1d]" started-at="2022-03-16T18:01:42 CET" name="NativeAppAndroid" finished-at="2022-03-16T18:01:42 CET" duration-ms="1" status="PASS">
          <reporter-output>
          </reporter-output>
        </test-method> <!-- NativeAppAndroid -->
      </class> <!-- qaclickacademy.Mavenjava.AppiumTest -->
      <class name="qaclickacademy.Mavenjava.RESTAPITest">
        <test-method signature="deleteTwitter()[pri:0, instance:qaclickacademy.Mavenjava.RESTAPITest@6283d8b8]" started-at="2022-03-16T18:01:42 CET" name="deleteTwitter" finished-at="2022-03-16T18:01:42 CET" duration-ms="1" status="PASS">
          <reporter-output>
          </reporter-output>
        </test-method> <!-- deleteTwitter -->
        <test-method signature="postJira()[pri:0, instance:qaclickacademy.Mavenjava.RESTAPITest@6283d8b8]" started-at="2022-03-16T18:01:42 CET" name="postJira" finished-at="2022-03-16T18:01:42 CET" duration-ms="1" status="PASS">
          <reporter-output>
          </reporter-output>
        </test-method> <!-- postJira -->
      </class> <!-- qaclickacademy.Mavenjava.RESTAPITest -->
      <class name="qaclickacademy.Mavenjava.SeleniumTest">
        <test-method signature="BrowserAutomation()[pri:0, instance:qaclickacademy.Mavenjava.SeleniumTest@3f6b0be5]" started-at="2022-03-16T18:01:42 CET" name="BrowserAutomation" finished-at="2022-03-16T18:01:42 CET" duration-ms="0" status="PASS">
          <reporter-output>
          </reporter-output>
        </test-method> <!-- BrowserAutomation -->
        <test-method signature="elementsUi()[pri:0, instance:qaclickacademy.Mavenjava.SeleniumTest@3f6b0be5]" started-at="2022-03-16T18:01:42 CET" name="elementsUi" finished-at="2022-03-16T18:01:42 CET" duration-ms="1" status="PASS">
          <reporter-output>
          </reporter-output>
        </test-method> <!-- elementsUi -->
      </class> <!-- qaclickacademy.Mavenjava.SeleniumTest -->
    </test> <!-- Test -->
  </suite> <!-- Suite -->
</testng-results>
