<?xml version="1.0" encoding="UTF-8"?>
<testng-results ignored="1" total="13" passed="12" failed="0" skipped="0">
  <reporter-output>
  </reporter-output>
  <suite started-at="2022-03-03T16:32:12 CET" name="Suite" finished-at="2022-03-03T16:32:12 CET" duration-ms="219">
    <groups>
      <group name="Smoke">
        <method signature="day2.ploan()[pri:0, instance:test2.day2@a530d0a]" name="ploan" class="test2.day2"/>
        <method signature="day4.MobileLogin()[pri:0, instance:test2.day4@1a18644]" name="MobileLogin" class="test2.day4"/>
      </group> <!-- Smoke -->
    </groups>
    <test started-at="2022-03-03T16:32:12 CET" name="Test" finished-at="2022-03-03T16:32:12 CET" duration-ms="63">
      <class name="test2.day1">
        <test-method signature="Demo()[pri:0, instance:test2.day1@22ef9844]" started-at="2022-03-03T16:32:12 CET" name="Demo" finished-at="2022-03-03T16:32:12 CET" duration-ms="6" status="PASS">
          <reporter-output>
          </reporter-output>
        </test-method> <!-- Demo -->
        <test-method is-config="true" signature="lastexecution()[pri:0, instance:test2.day1@22ef9844]" started-at="2022-03-03T16:32:12 CET" name="lastexecution" finished-at="2022-03-03T16:32:12 CET" duration-ms="1" status="PASS">
          <reporter-output>
          </reporter-output>
        </test-method> <!-- lastexecution -->
      </class> <!-- test2.day1 -->
      <class name="test2.day4">
        <test-method signature="LoginAPICarLoan()[pri:0, instance:test2.day4@1a18644]" started-at="2022-03-03T16:32:12 CET" name="LoginAPICarLoan" finished-at="2022-03-03T16:32:12 CET" duration-ms="2" status="PASS">
          <reporter-output>
          </reporter-output>
        </test-method> <!-- LoginAPICarLoan -->
        <test-method signature="MobileLogin()[pri:0, instance:test2.day4@1a18644]" started-at="2022-03-03T16:32:12 CET" name="MobileLogin" finished-at="2022-03-03T16:32:12 CET" duration-ms="2" status="PASS">
          <reporter-output>
          </reporter-output>
        </test-method> <!-- MobileLogin -->
        <test-method signature="WebloginCarLoan()[pri:0, instance:test2.day4@1a18644]" started-at="2022-03-03T16:32:12 CET" name="WebloginCarLoan" finished-at="2022-03-03T16:32:12 CET" duration-ms="3" status="PASS">
          <reporter-output>
          </reporter-output>
        </test-method> <!-- WebloginCarLoan -->
      </class> <!-- test2.day4 -->
      <class name="test2.day2">
        <test-method is-config="true" signature="prerequiste()[pri:0, instance:test2.day2@a530d0a]" started-at="2022-03-03T16:32:12 CET" name="prerequiste" finished-at="2022-03-03T16:32:12 CET" duration-ms="1" status="PASS">
          <reporter-output>
          </reporter-output>
        </test-method> <!-- prerequiste -->
        <test-method signature="ploan()[pri:0, instance:test2.day2@a530d0a]" started-at="2022-03-03T16:32:12 CET" name="ploan" finished-at="2022-03-03T16:32:12 CET" duration-ms="3" status="PASS">
          <reporter-output>
          </reporter-output>
        </test-method> <!-- ploan -->
      </class> <!-- test2.day2 -->
    </test> <!-- Test -->
    <test started-at="2022-03-03T16:32:12 CET" name="Car Loan" finished-at="2022-03-03T16:32:12 CET" duration-ms="69">
      <class name="test2.day1">
        <test-method is-config="true" signature="afterSuite()[pri:0, instance:test2.day1@22ef9844]" started-at="2022-03-03T16:32:12 CET" name="afterSuite" finished-at="2022-03-03T16:32:12 CET" duration-ms="0" status="PASS">
          <reporter-output>
          </reporter-output>
        </test-method> <!-- afterSuite -->
      </class> <!-- test2.day1 -->
      <class name="test2.day3">
        <test-method is-config="true" signature="BFsuite()[pri:0, instance:test2.day3@273e7444]" started-at="2022-03-03T16:32:12 CET" name="BFsuite" finished-at="2022-03-03T16:32:12 CET" duration-ms="6" status="PASS">
          <reporter-output>
          </reporter-output>
        </test-method> <!-- BFsuite -->
        <test-method is-config="true" signature="beforeclass()[pri:0, instance:test2.day3@273e7444]" started-at="2022-03-03T16:32:12 CET" name="beforeclass" finished-at="2022-03-03T16:32:12 CET" duration-ms="0" status="PASS">
          <reporter-output>
          </reporter-output>
        </test-method> <!-- beforeclass -->
        <test-method is-config="true" signature="BeforeEvery()[pri:0, instance:test2.day3@273e7444]" started-at="2022-03-03T16:32:12 CET" name="BeforeEvery" finished-at="2022-03-03T16:32:12 CET" duration-ms="1" status="PASS">
          <reporter-output>
          </reporter-output>
        </test-method> <!-- BeforeEvery -->
        <test-method signature="LoginAPIHomeLoan()[pri:0, instance:test2.day3@273e7444]" started-at="2022-03-03T16:32:12 CET" name="LoginAPIHomeLoan" finished-at="2022-03-03T16:32:12 CET" duration-ms="2" status="PASS">
          <reporter-output>
          </reporter-output>
        </test-method> <!-- LoginAPIHomeLoan -->
        <test-method is-config="true" signature="AfterEvery()[pri:0, instance:test2.day3@273e7444]" started-at="2022-03-03T16:32:12 CET" name="AfterEvery" finished-at="2022-03-03T16:32:12 CET" duration-ms="0" status="PASS">
          <reporter-output>
          </reporter-output>
        </test-method> <!-- AfterEvery -->
        <test-method is-config="true" signature="BeforeEvery()[pri:0, instance:test2.day3@273e7444]" started-at="2022-03-03T16:32:12 CET" name="BeforeEvery" finished-at="2022-03-03T16:32:12 CET" duration-ms="0" status="PASS">
          <reporter-output>
          </reporter-output>
        </test-method> <!-- BeforeEvery -->
        <test-method signature="MobileLogincarLoan()[pri:0, instance:test2.day3@273e7444]" started-at="2022-03-03T16:32:12 CET" name="MobileLogincarLoan" finished-at="2022-03-03T16:32:12 CET" duration-ms="2" status="PASS">
          <reporter-output>
          </reporter-output>
        </test-method> <!-- MobileLogincarLoan -->
        <test-method is-config="true" signature="AfterEvery()[pri:0, instance:test2.day3@273e7444]" started-at="2022-03-03T16:32:12 CET" name="AfterEvery" finished-at="2022-03-03T16:32:12 CET" duration-ms="0" status="PASS">
          <reporter-output>
          </reporter-output>
        </test-method> <!-- AfterEvery -->
        <test-method is-config="true" signature="BeforeEvery()[pri:0, instance:test2.day3@273e7444]" started-at="2022-03-03T16:32:12 CET" name="BeforeEvery" finished-at="2022-03-03T16:32:12 CET" duration-ms="1" status="PASS">
          <reporter-output>
          </reporter-output>
        </test-method> <!-- BeforeEvery -->
        <test-method signature="MobileSignoutcarLoan(java.lang.String,java.lang.String)[pri:0, instance:test2.day3@273e7444]" started-at="2022-03-03T16:32:12 CET" name="MobileSignoutcarLoan" data-provider="getData" finished-at="2022-03-03T16:32:12 CET" duration-ms="2" status="PASS">
          <params>
            <param index="0">
              <value>
                <![CDATA[fistsetusername]]>
              </value>
            </param>
            <param index="1">
              <value>
                <![CDATA[firstpassword]]>
              </value>
            </param>
          </params>
          <reporter-output>
          </reporter-output>
        </test-method> <!-- MobileSignoutcarLoan -->
        <test-method is-config="true" signature="AfterEvery()[pri:0, instance:test2.day3@273e7444]" started-at="2022-03-03T16:32:12 CET" name="AfterEvery" finished-at="2022-03-03T16:32:12 CET" duration-ms="1" status="PASS">
          <reporter-output>
          </reporter-output>
        </test-method> <!-- AfterEvery -->
        <test-method is-config="true" signature="BeforeEvery()[pri:0, instance:test2.day3@273e7444]" started-at="2022-03-03T16:32:12 CET" name="BeforeEvery" finished-at="2022-03-03T16:32:12 CET" duration-ms="1" status="PASS">
          <reporter-output>
          </reporter-output>
        </test-method> <!-- BeforeEvery -->
        <test-method signature="MobileSignoutcarLoan(java.lang.String,java.lang.String)[pri:0, instance:test2.day3@273e7444]" started-at="2022-03-03T16:32:12 CET" name="MobileSignoutcarLoan" data-provider="getData" finished-at="2022-03-03T16:32:12 CET" duration-ms="2" status="PASS">
          <params>
            <param index="0">
              <value>
                <![CDATA[secondsetusername]]>
              </value>
            </param>
            <param index="1">
              <value>
                <![CDATA[secondpassword]]>
              </value>
            </param>
          </params>
          <reporter-output>
          </reporter-output>
        </test-method> <!-- MobileSignoutcarLoan -->
        <test-method is-config="true" signature="AfterEvery()[pri:0, instance:test2.day3@273e7444]" started-at="2022-03-03T16:32:12 CET" name="AfterEvery" finished-at="2022-03-03T16:32:12 CET" duration-ms="1" status="PASS">
          <reporter-output>
          </reporter-output>
        </test-method> <!-- AfterEvery -->
        <test-method is-config="true" signature="BeforeEvery()[pri:0, instance:test2.day3@273e7444]" started-at="2022-03-03T16:32:12 CET" name="BeforeEvery" finished-at="2022-03-03T16:32:12 CET" duration-ms="1" status="PASS">
          <reporter-output>
          </reporter-output>
        </test-method> <!-- BeforeEvery -->
        <test-method signature="MobileSignoutcarLoan(java.lang.String,java.lang.String)[pri:0, instance:test2.day3@273e7444]" started-at="2022-03-03T16:32:12 CET" name="MobileSignoutcarLoan" data-provider="getData" finished-at="2022-03-03T16:32:12 CET" duration-ms="2" status="PASS">
          <params>
            <param index="0">
              <value>
                <![CDATA[thirdsetusername]]>
              </value>
            </param>
            <param index="1">
              <value>
                <![CDATA[thirdpassword]]>
              </value>
            </param>
          </params>
          <reporter-output>
          </reporter-output>
        </test-method> <!-- MobileSignoutcarLoan -->
        <test-method is-config="true" signature="AfterEvery()[pri:0, instance:test2.day3@273e7444]" started-at="2022-03-03T16:32:12 CET" name="AfterEvery" finished-at="2022-03-03T16:32:12 CET" duration-ms="1" status="PASS">
          <reporter-output>
          </reporter-output>
        </test-method> <!-- AfterEvery -->
        <test-method is-config="true" signature="BeforeEvery()[pri:0, instance:test2.day3@273e7444]" started-at="2022-03-03T16:32:12 CET" name="BeforeEvery" finished-at="2022-03-03T16:32:12 CET" duration-ms="0" status="PASS">
          <reporter-output>
          </reporter-output>
        </test-method> <!-- BeforeEvery -->
        <test-method signature="WebLoginHomeLoan(java.lang.String,java.lang.String)[pri:0, instance:test2.day3@273e7444]" started-at="2022-03-03T16:32:12 CET" name="WebLoginHomeLoan" finished-at="2022-03-03T16:32:12 CET" duration-ms="3" status="PASS">
          <params>
            <param index="0">
              <value>
                <![CDATA[carLoan.com]]>
              </value>
            </param>
            <param index="1">
              <value>
                <![CDATA[123456]]>
              </value>
            </param>
          </params>
          <reporter-output>
          </reporter-output>
        </test-method> <!-- WebLoginHomeLoan -->
        <test-method is-config="true" signature="AfterEvery()[pri:0, instance:test2.day3@273e7444]" started-at="2022-03-03T16:32:12 CET" name="AfterEvery" finished-at="2022-03-03T16:32:12 CET" duration-ms="1" status="PASS">
          <reporter-output>
          </reporter-output>
        </test-method> <!-- AfterEvery -->
        <test-method is-config="true" signature="BeforeEvery()[pri:0, instance:test2.day3@273e7444]" started-at="2022-03-03T16:32:12 CET" name="BeforeEvery" finished-at="2022-03-03T16:32:12 CET" duration-ms="0" status="PASS">
          <reporter-output>
          </reporter-output>
        </test-method> <!-- BeforeEvery -->
        <test-method signature="MobileSingincarLoan()[pri:0, instance:test2.day3@273e7444]" started-at="2022-03-03T16:32:12 CET" name="MobileSingincarLoan" finished-at="2022-03-03T16:32:12 CET" depends-on-methods="test2.day3.LoginAPIHomeLoan, test2.day3.MobileLogincarLoan" duration-ms="1" status="PASS">
          <reporter-output>
          </reporter-output>
        </test-method> <!-- MobileSingincarLoan -->
        <test-method is-config="true" signature="AfterEvery()[pri:0, instance:test2.day3@273e7444]" started-at="2022-03-03T16:32:12 CET" name="AfterEvery" finished-at="2022-03-03T16:32:12 CET" duration-ms="0" status="PASS">
          <reporter-output>
          </reporter-output>
        </test-method> <!-- AfterEvery -->
        <test-method is-config="true" signature="AfterClass()[pri:0, instance:test2.day3@273e7444]" started-at="2022-03-03T16:32:12 CET" name="AfterClass" finished-at="2022-03-03T16:32:12 CET" duration-ms="1" status="PASS">
          <reporter-output>
          </reporter-output>
        </test-method> <!-- AfterClass -->
      </class> <!-- test2.day3 -->
    </test> <!-- Car Loan -->
  </suite> <!-- Suite -->
</testng-results>
